<?xml version="1.0" encoding="UTF-8"?>
<testsuite xmlns:xsi="http://www.w3.org/2001/XMLSchema-instance" xsi:noNamespaceSchemaLocation="https://maven.apache.org/surefire/maven-surefire-plugin/xsd/surefire-test-report.xsd" name="fr.bnpparibas.prevoyance.poc.reference.repositories.ProductRepositoryTest" time="9.204" tests="1" errors="0" skipped="0" failures="0">
  <properties>
[...]
</properties>
  <testcase name="canSaveProduct" classname="fr.bnpparibas.prevoyance.poc.reference.repositories.ProductRepositoryTest" time="0.995"/>
</testsuite>